
Mar 25 23:25 [SN2010jl_01_B_535.ms.fits]: SN2010jl
  6631.625  12.10694   8694.31    -718.1   1567.21     5.212        0.
  (0.00391) (       ) (  21.59) (  1.783) (  2.255) (0.00978) (     0.)
  6631.601  18.53553   13623.5     -735.   1562.74        0.      5.55
  (0.00781) (       ) (  36.49) (  1.969) (  3.674) (     0.) (0.02154)

Mar 25 23:27 [SN2010jl_01_B_525.ms.fits]: SN2010jl
   6632.09 -32.51582   12621.7     INDEF    2659.9        0.     3.021
  (0.00342) (       ) (  27.08) (     0.) (  5.743) (     0.) (0.00826)

Mar 25 23:27 [SN2010jl_01_B_515.ms.fits]: SN2010jl
   6632.08 -4.017162   11716.3     INDEF   2504.06        0.     2.979
  (0.00293) (       ) (  30.88) (     0.) (  4.999) (     0.) ( 0.0094)
  6631.974 -18.17668   9278.49     INDEF   2356.37     3.699        0.
  (0.00195) (       ) (  11.26) (     0.) (  3.387) (0.00581) (     0.)
  6632.086 -2.513E11 8.0594E14     INDEF 1.7010E14        0.     3.016
  (     0.) (       ) (     0.) (     0.) (     0.) (     0.) (     0.)
  6631.988 7.6215E22 4.1917E25     -550. 1.0815E25     3.641        0.
  (     0.) (       ) (     0.) (     0.) (     0.) (     0.) (     0.)

Mar 25 23:28 [SN2010jl_01_B_525.ms.fits]: SN2010jl
  6632.003   16.4315   9530.91     -580.   2449.92     3.655        0.
  (0.00146) (       ) (  16.98) (  1.033) (  3.017) (0.00805) (     0.)

Mar 25 23:28 [SN2010jl_01_B_535.ms.fits]: SN2010jl
  6631.626   15.1741   8645.99    -569.8   1567.45     5.182        0.
  (0.00342) (       ) (  20.37) (  1.342) (  2.624) (0.01247) (     0.)

Mar 25 23:29 [SN2010jl_01_B_560.ms.fits]: SN2010jl
  6631.379 -24.25477   6201.82     INDEF   1420.68     4.101        0.
  (0.00342) (       ) (  16.32) (     0.) (  3.224) (0.00992) (     0.)

Mar 25 23:30 [SN2010jl_01_B_570.ms.fits]: SN2010jl
  6631.381 -16.71929   5874.24     INDEF    1408.6     3.918        0.
  (0.00293) (       ) (  17.81) (     0.) (   3.72) ( 0.0147) (     0.)
